Removed Pin From Net: NetName=GND Pin=C4-1
Removed Pin From Net: NetName=V4V Pin=C4-2
Removed Pin From Net: NetName=V4V Pin=C5-1
Removed Pin From Net: NetName=GND Pin=C5-2
Removed Pin From Net: NetName=V4V Pin=IC1-40
Removed Member From Class: ClassName=Net Member=C4
Removed Member From Class: ClassName=Net Member=C5
Added Component: Designator=Conn?(IPEX_CONNECTOR_RF)
Add component (AddParameter): Name = "Category"; Value = "RF / Coaxial Connectors"; VariantName = "[No Variations]"
Add component (AddParameter): Name = "Manufacturer"; Value = "TE Connectivity"; VariantName = "[No Variations]"
Add component (AddParameter): Name = "Manufacturer Part Number"; Value = "2337019-1"; VariantName = "[No Variations]"
Add component (AddParameter): Name = "Pricing 1"; Value = "1=0,19000, 10=0,18000, 25=0,15360, 50=0,13440, 100=0,12470, 250=0,11032, 500=0,10554, 1000=0,08635, 2500=0,07915 (USD)"; VariantName = "[No Variations]"
Add component (AddParameter): Name = "RoHS"; Value = "Yes"; VariantName = "[No Variations]"
Add component (AddParameter): Name = "Stock 1"; Value = "3490"; VariantName = "[No Variations]"
Add component (AddParameter): Name = "Supplier 1"; Value = "Digi-Key"; VariantName = "[No Variations]"
Add component (AddParameter): Name = "Supplier Part Number 1"; Value = "A144746CT-ND"; VariantName = "[No Variations]"
Added Pin To Net: NetName=GPS_ANT Pin=Conn?-1
Added Pin To Net: NetName=GND Pin=Conn?-2
Added Pin To Net: NetName=GND Pin=Conn?-2
Added Member To Class: ClassName=Net Member=Component Conn? 2337019-1
