Added Component: Designator=SAW1(SAW)
Add component (AddParameter): Name = "Category"; Value = "EMI / RFI Components"; VariantName = "[No Variations]"
Add component (AddParameter): Name = "ComponentLink1Description"; Value = "http://www.mouser.com/ds/2/40/AVX_140127%20Connectivity-315907.pdf?src-supplier=Mouser"; VariantName = "[No Variations]"
Add component (AddParameter): Name = "ComponentLink1URL"; Value = "http://www.mouser.com/ds/2/40/AVX_140127%20Connectivity-315907.pdf?src-supplier=Mouser"; VariantName = "[No Variations]"
Add component (AddParameter): Name = "ComponentLink2Description"; Value = "http://global.kyocera.com/prdct/electro/pdf/saw/sf14_cdma_e.pdf?src-supplier=Avnet+Asia"; VariantName = "[No Variations]"
Add component (AddParameter): Name = "ComponentLink2URL"; Value = "http://global.kyocera.com/prdct/electro/pdf/saw/sf14_cdma_e.pdf?src-supplier=Avnet+Asia"; VariantName = "[No Variations]"
Add component (AddParameter): Name = "ComponentLink3Description"; Value = "http://global.kyocera.com/prdct/function/products/saw-device/pdf/sf14_gnss_e.pdf?src-supplier=Digi-Key"; VariantName = "[No Variations]"
Add component (AddParameter): Name = "ComponentLink3URL"; Value = "http://global.kyocera.com/prdct/function/products/saw-device/pdf/sf14_gnss_e.pdf?src-supplier=Digi-Key"; VariantName = "[No Variations]"
Add component (AddParameter): Name = "Frequency"; Value = "1.582GHz"; VariantName = "[No Variations]"
Add component (AddParameter): Name = "Impedance"; Value = "50R"; VariantName = "[No Variations]"
Add component (AddParameter): Name = "Insertion Loss"; Value = "1.2dB"; VariantName = "[No Variations]"
Add component (AddParameter): Name = "Length"; Value = "1.4mm"; VariantName = "[No Variations]"
Add component (AddParameter): Name = "Load Impedance"; Value = "50R"; VariantName = "[No Variations]"
Add component (AddParameter): Name = "Manufacturer"; Value = "Kyocera AVX"; VariantName = "[No Variations]"
Add component (AddParameter): Name = "Manufacturer Part Number"; Value = "SF14-1582M5UUD2"; VariantName = "[No Variations]"
Add component (AddParameter): Name = "Max Operating Temperature"; Value = "85°C"; VariantName = "[No Variations]"
Add component (AddParameter): Name = "Min Operating Temperature"; Value = "-40°C"; VariantName = "[No Variations]"
Add component (AddParameter): Name = "Mount"; Value = "Surface Mount"; VariantName = "[No Variations]"
Add component (AddParameter): Name = "Number of Pins"; Value = "5"; VariantName = "[No Variations]"
Add component (AddParameter): Name = "Package Quantity"; Value = "3000"; VariantName = "[No Variations]"
Add component (AddParameter): Name = "Packaging"; Value = "Tape and Reel"; VariantName = "[No Variations]"
Add component (AddParameter): Name = "Pricing 1"; Value = "1=0,62000, 10=0,58500, 50=0,46600, 100=0,38000, 1000=0,30700, 10000=0,26100 (USD)"; VariantName = "[No Variations]"
Add component (AddParameter): Name = "RoHS"; Value = "Yes"; VariantName = "[No Variations]"
Add component (AddParameter): Name = "RoHS Compliant"; Value = "Yes"; VariantName = "[No Variations]"
Add component (AddParameter): Name = "Stock 1"; Value = "11334"; VariantName = "[No Variations]"
Add component (AddParameter): Name = "Supplier 1"; Value = "Mouser"; VariantName = "[No Variations]"
Add component (AddParameter): Name = "Supplier Part Number 1"; Value = "581-SF14-1582M5UUD2"; VariantName = "[No Variations]"
Add component (AddParameter): Name = "Termination"; Value = "SMD/SMT"; VariantName = "[No Variations]"
Added Pin To Net: NetName=GND Pin=SAW1-2
Added Pin To Net: NetName=GND Pin=SAW1-3
Added Pin To Net: NetName=GPS_ANT Pin=SAW1-4
Added Pin To Net: NetName=GND Pin=SAW1-5
Added Member To Class: ClassName=Net Member=Component SAW1 GPS filter
