Removed Pin From Net: NetName=V4V Pin=P5-1
Removed Pin From Net: NetName=MISO Pin=P5-2
Removed Pin From Net: NetName=MOSI Pin=P5-3
Removed Pin From Net: NetName=SCK Pin=P5-4
Removed Pin From Net: NetName=RST Pin=P5-5
Removed Pin From Net: NetName=GND Pin=P5-6
Removed Member From Class: ClassName=interface Member=P5
Added Component: Designator=P3(HDR1X15)
Add component (AddParameter): Name = "LatestRevisionDate"; Value = "17-Jul-2002"; VariantName = "[No Variations]"
Add component (AddParameter): Name = "LatestRevisionNote"; Value = "Re-released for DXP Platform."; VariantName = "[No Variations]"
Add component (AddParameter): Name = "Publisher"; Value = "Altium Limited"; VariantName = "[No Variations]"
Added Component: Designator=P6(HDR1X15)
Add component (AddParameter): Name = "LatestRevisionDate"; Value = "17-Jul-2002"; VariantName = "[No Variations]"
Add component (AddParameter): Name = "LatestRevisionNote"; Value = "Re-released for DXP Platform."; VariantName = "[No Variations]"
Add component (AddParameter): Name = "Publisher"; Value = "Altium Limited"; VariantName = "[No Variations]"
Added Pin To Net: NetName=GND Pin=P3-4
Added Pin To Net: NetName=RST Pin=P3-13
Added Pin To Net: NetName=MOSI Pin=P3-14
Added Pin To Net: NetName=MISO Pin=P3-15
Added Pin To Net: NetName=GND Pin=P6-2
Added Pin To Net: NetName=V4V Pin=P6-4
Added Pin To Net: NetName=SCK Pin=P6-15
Added Member To Class: ClassName=interface Member=Component P3 Header 15
Added Member To Class: ClassName=interface Member=Component P6 Header 15
