Added Component: Designator=P1(HDR1X4)
Add component (AddParameter): Name = "LatestRevisionDate"; Value = "17-Jul-2002"; VariantName = "[No Variations]"
Add component (AddParameter): Name = "LatestRevisionNote"; Value = "Re-released for DXP Platform."; VariantName = "[No Variations]"
Add component (AddParameter): Name = "Publisher"; Value = "Altium Limited"; VariantName = "[No Variations]"
Added Component: Designator=P2(HDR1X4)
Add component (AddParameter): Name = "LatestRevisionDate"; Value = "17-Jul-2002"; VariantName = "[No Variations]"
Add component (AddParameter): Name = "LatestRevisionNote"; Value = "Re-released for DXP Platform."; VariantName = "[No Variations]"
Add component (AddParameter): Name = "Publisher"; Value = "Altium Limited"; VariantName = "[No Variations]"
Added Component: Designator=P3(HDR2X5)
Add component (AddParameter): Name = "LatestRevisionDate"; Value = "17-Jul-2002"; VariantName = "[No Variations]"
Add component (AddParameter): Name = "LatestRevisionNote"; Value = "Re-released for DXP Platform."; VariantName = "[No Variations]"
Add component (AddParameter): Name = "Publisher"; Value = "Altium Limited"; VariantName = "[No Variations]"
Added Component: Designator=P4(HDR1X6)
Add component (AddParameter): Name = "LatestRevisionDate"; Value = "17-Jul-2002"; VariantName = "[No Variations]"
Add component (AddParameter): Name = "LatestRevisionNote"; Value = "Re-released for DXP Platform."; VariantName = "[No Variations]"
Add component (AddParameter): Name = "Publisher"; Value = "Altium Limited"; VariantName = "[No Variations]"
Added Component: Designator=P5(HDR1X6)
Add component (AddParameter): Name = "LatestRevisionDate"; Value = "17-Jul-2002"; VariantName = "[No Variations]"
Add component (AddParameter): Name = "LatestRevisionNote"; Value = "Re-released for DXP Platform."; VariantName = "[No Variations]"
Add component (AddParameter): Name = "Publisher"; Value = "Altium Limited"; VariantName = "[No Variations]"
Added Pin To Net: NetName=GND Pin=P1-4
Added Pin To Net: NetName=GND Pin=P2-4
Added Pin To Net: NetName=GND Pin=P3-6
Added Pin To Net: NetName=GND Pin=P4-6
Added Pin To Net: NetName=GND Pin=P5-6
Added Net: Name=GND
Added Pin To Net: NetName=MISO Pin=P3-9
Added Pin To Net: NetName=MISO Pin=P4-2
Added Pin To Net: NetName=MISO Pin=P5-2
Added Net: Name=MISO
Added Pin To Net: NetName=MOSI Pin=P3-10
Added Pin To Net: NetName=MOSI Pin=P4-3
Added Pin To Net: NetName=MOSI Pin=P5-3
Added Net: Name=MOSI
Added Pin To Net: NetName=OBDV5V Pin=P1-1
Added Pin To Net: NetName=OBDV5V Pin=P2-1
Added Pin To Net: NetName=OBDV5V Pin=P3-2
Added Net: Name=OBDV5V
Added Pin To Net: NetName=RST Pin=P3-7
Added Pin To Net: NetName=RST Pin=P4-5
Added Pin To Net: NetName=RST Pin=P5-5
Added Net: Name=RST
Added Pin To Net: NetName=SCK Pin=P3-8
Added Pin To Net: NetName=SCK Pin=P4-4
Added Pin To Net: NetName=SCK Pin=P5-4
Added Net: Name=SCK
Added Pin To Net: NetName=USART0_RX Pin=P1-2
Added Pin To Net: NetName=USART0_RX Pin=P2-2
Added Pin To Net: NetName=USART0_RX Pin=P3-4
Added Net: Name=USART0_RX
Added Pin To Net: NetName=USART0_TX Pin=P1-3
Added Pin To Net: NetName=USART0_TX Pin=P2-3
Added Pin To Net: NetName=USART0_TX Pin=P3-3
Added Net: Name=USART0_TX
Added Pin To Net: NetName=V4V Pin=P3-5
Added Pin To Net: NetName=V4V Pin=P4-1
Added Pin To Net: NetName=V4V Pin=P5-1
Added Net: Name=V4V
Added Class: Name=interface
Added Room: Name=interface
