Removed Pin From Net: NetName=USART0_RX Pin=P1-2
Removed Pin From Net: NetName=USART0_TX Pin=P1-3
Removed Pin From Net: NetName=GND Pin=P1-4
Removed Pin From Net: NetName=USART0_RX Pin=P2-2
Removed Pin From Net: NetName=USART0_TX Pin=P2-3
Removed Pin From Net: NetName=GND Pin=P2-4
Change Component Footprint: Designator=P1 Old Footprint=HDR1X4 New Footprint=HDR1X6
Change Component Footprint: Designator=P2 Old Footprint=HDR1X4 New Footprint=HDR1X6
Change Component Comment : Designator=P1 Old Comment=Header 4 New Comment=Header 6
Change Component Comment : Designator=P2 Old Comment=Header 4 New Comment=Header 6
Added Pin To Net: NetName=USART0_TX Pin=P1-2
Added Pin To Net: NetName=USART0_RX Pin=P1-3
Added Pin To Net: NetName=GND Pin=P1-6
Added Pin To Net: NetName=USART0_TX Pin=P2-2
Added Pin To Net: NetName=USART0_RX Pin=P2-3
Added Pin To Net: NetName=GND Pin=P2-6
Added Pin To Net: NetName=RST Pin=P3-10
Added Pin To Net: NetName=V4V Pin=pogo1-1
Added Pin To Net: NetName=LED1 Pin=P3-7
Added Net: Name=LED1
Added Pin To Net: NetName=LED2 Pin=P3-8
Added Net: Name=LED2
Added Pin To Net: NetName=LED3 Pin=P3-9
Added Net: Name=LED3
