Change Component Designator: Old Designator=C20 New Designator=C22
Change Component Designator: Old Designator=C21 New Designator=C20
Change Component Designator: Old Designator=C22 New Designator=C21
Change Component Designator: Old Designator=P1 New Designator=P4
Change Component Designator: Old Designator=PAD8 New Designator=PAD1
Change Component Designator: Old Designator=Q2 New Designator=Q4
Change Component Designator: Old Designator=Q3 New Designator=Q2
Change Component Designator: Old Designator=Q4 New Designator=Q3
Change Component Designator: Old Designator=R9 New Designator=R10
Change Component Designator: Old Designator=R10 New Designator=R11
Change Component Designator: Old Designator=R11 New Designator=R15
Change Component Designator: Old Designator=R12 New Designator=R17
Change Component Designator: Old Designator=R13 New Designator=R19
Change Component Designator: Old Designator=R14 New Designator=R23
Change Component Designator: Old Designator=R15 New Designator=R24
Change Component Designator: Old Designator=R16 New Designator=R25
Change Component Designator: Old Designator=R17 New Designator=R12
Change Component Designator: Old Designator=R18 New Designator=R13
Change Component Designator: Old Designator=R19 New Designator=R14
Change Component Designator: Old Designator=R22 New Designator=R16
Change Component Designator: Old Designator=R23 New Designator=R18
Change Component Designator: Old Designator=R24 New Designator=R22
