Change Component Designator: Old Designator=C23 New Designator=C26
Change Component Designator: Old Designator=C27 New Designator=C23
Change Component Designator: Old Designator=C28 New Designator=C25
Change Component Designator: Old Designator=C29 New Designator=C31
Change Component Designator: Old Designator=C30 New Designator=C33
Change Component Designator: Old Designator=C31 New Designator=C34
Change Component Designator: Old Designator=C32 New Designator=C24
Change Component Designator: Old Designator=C? New Designator=C27
Change Component Designator: Old Designator=C? New Designator=C28
Change Component Designator: Old Designator=C? New Designator=C29
Change Component Designator: Old Designator=C? New Designator=C30
Change Component Designator: Old Designator=C? New Designator=C32
Change Component Designator: Old Designator=Q5 New Designator=Q6
Change Component Designator: Old Designator=Q6 New Designator=Q5
Change Component Designator: Old Designator=R27 New Designator=R33
Change Component Designator: Old Designator=R28 New Designator=R34
Change Component Designator: Old Designator=R29 New Designator=R26
Change Component Designator: Old Designator=R30 New Designator=R28
Change Component Designator: Old Designator=R31 New Designator=R29
Change Component Designator: Old Designator=R32 New Designator=R30
Change Component Designator: Old Designator=R33 New Designator=R31
Change Component Designator: Old Designator=R34 New Designator=R27
Change Component Designator: Old Designator=R? New Designator=R32
Change Component Designator: Old Designator=U1 New Designator=U3
Change Component Designator: Old Designator=U2 New Designator=U1
Change Component Designator: Old Designator=U3 New Designator=U2
Change Component Designator: Old Designator=U3 New Designator=U2
Change Component Designator: Old Designator=Y? New Designator=Y2
