Update Managed Component C24 From CMP-13271-003245-1[10u] To CMP-13271-003245-1[CL10A106KP8NNND] in OBD.SchDoc
Update Managed Component C25 From CMP-2008-01276-1[22p] To CMP-2008-01276-1[VJ0402A220FXACW1BC] in OBD.SchDoc
Update Managed Component C26 From CMP-2008-01276-1[22p] To CMP-2008-01276-1[VJ0402A220FXACW1BC] in OBD.SchDoc
Update Managed Component C30 From CMP-03422-001356-1[560p] To CMP-03422-001356-1[CC0402KRX7R9BB561] in OBD.SchDoc
Update Managed Component C31 From CMP-03422-001356-1[560p] To CMP-03422-001356-1[CC0402KRX7R9BB561] in OBD.SchDoc
Update Managed Component D4 From CMP-0303-00004-1[BAT46W-7-F] To CMP-0303-00004-1[BAT46W-7-F] in OBD.SchDoc
Update Managed Component Q5 From CMP-07173-000101-1[BSS138] To CMP-07173-000101-1[BSS138] in OBD.SchDoc
Update Managed Component Q6 From CMP-1058-00762-1[BSS84LT1G] To CMP-1058-00762-1[BSS84LT1G] in OBD.SchDoc
Update Managed Component Q7 From CMP-07173-000101-1[BSS138] To CMP-07173-000101-1[BSS138] in OBD.SchDoc
Update Managed Component R26 From CMP-2002-00970-1[510] To CMP-2002-00970-1[ERJ-2RKF5100X] in OBD.SchDoc
Update Managed Component R27 From CMP-2002-00599-1[100] To CMP-2002-00599-1[ERJ-2RHD1000X] in OBD.SchDoc
Update Managed Component R28 From CMP-2002-00599-1[100] To CMP-2002-00599-1[ERJ-2RHD1000X] in OBD.SchDoc
Update Managed Component R29 From CMP-1011-00567-3[ERJ-2RKF3301X] To CMP-1011-00567-3[ERJ-2RKF3301X] in OBD.SchDoc
Update Managed Component R30 From CMP-2002-01682-1[10k] To CMP-2002-01682-1[TNPW040210K0DEED] in OBD.SchDoc
Update Managed Component R31 From CMP-2002-01682-1[10k] To CMP-2002-01682-1[TNPW040210K0DEED] in OBD.SchDoc
Update Managed Component R32 From CMP-2002-01682-1[10k] To CMP-2002-01682-1[TNPW040210K0DEED] in OBD.SchDoc
Update Managed Component R33 From CMP-2002-01682-1[10k] To CMP-2002-01682-1[TNPW040210K0DEED] in OBD.SchDoc
Update Managed Component R34 From CMP-1011-00567-3[3.3k] To CMP-1011-00567-3[ERJ-2RKF3301X] in OBD.SchDoc
Update Managed Component U1 From CMP-0186-00160-2[MCP2021-500E/SN] To CMP-0186-00160-2[MCP2021-500E/SN] in OBD.SchDoc
Update Managed Component U2 From CMP-12756-000034-1[AP7313-33SRG-7] To CMP-12756-000034-1[AP7313-33SRG-7] in OBD.SchDoc
Update Managed Component U3 From CMP-12132-000003-1[LM393D] To CMP-12132-000003-1[LM393D] in OBD.SchDoc
Update Managed Component U3 From CMP-12132-000003-1[LM393D] To CMP-12132-000003-1[LM393D] in OBD.SchDoc
Update Managed Component Y2 From CMP-96504-000002-1[LFXTAL003210BULK] To CMP-96504-000002-1[LFXTAL003210BULK] in OBD.SchDoc
