Removed Member From Class: ClassName=Control Member=P1
Removed Member From Class: ClassName=Control Member=R5
Removed Member From Class: ClassName=PowerSupply Member=R25
Added Member To Class: ClassName=Control Member=Component C22 1u
Added Member To Class: ClassName=OBD Member=Component C27 1u
Added Member To Class: ClassName=OBD Member=Component C29 10u
Added Member To Class: ClassName=OBD Member=Component C30 10p
Added Member To Class: ClassName=OBD Member=Component C31 1uF
Added Member To Class: ClassName=PowerSupply Member=Component P2 Header 3
Added Member To Class: ClassName=Control Member=Component P4 Header 3X2
Added Member To Class: ClassName=Control Member=Component Q4 BC850CLT1G
Added Member To Class: ClassName=OBD Member=Component Q6 BSS138
Added Member To Class: ClassName=PowerSupply Member=Component R1 0
Added Member To Class: ClassName=PowerSupply Member=Component R2 88.7K
Added Member To Class: ClassName=PowerSupply Member=Component R4 18.7K
Added Member To Class: ClassName=PowerSupply Member=Component R6 22.1K
Added Member To Class: ClassName=PowerSupply Member=Component R7 10K
Added Member To Class: ClassName=PowerSupply Member=Component R8 18K
Added Member To Class: ClassName=PowerSupply Member=Component R9 100K
Added Member To Class: ClassName=Control Member=Component R10 120K
Added Member To Class: ClassName=Control Member=Component R14 47k
Added Member To Class: ClassName=Control Member=Component R15 10k
Added Member To Class: ClassName=Control Member=Component R17 4.7k
Added Member To Class: ClassName=Control Member=Component R18 4.7k
Added Member To Class: ClassName=Control Member=Component R24 2.2k
Added Member To Class: ClassName=OBD Member=Component R26 3.3k
Added Member To Class: ClassName=OBD Member=Component R27 3.3k
Added Member To Class: ClassName=OBD Member=Component R28 10k
Added Member To Class: ClassName=OBD Member=Component R29 10k
Added Member To Class: ClassName=OBD Member=Component R30 10k
Added Member To Class: ClassName=OBD Member=Component R31 10k
Added Member To Class: ClassName=OBD Member=Component R32 510
Added Member To Class: ClassName=OBD Member=Component R33 100
Added Member To Class: ClassName=OBD Member=Component R34 100
Added Member To Class: ClassName=OBD Member=Component U3 MCP2021-500E/SN
