Removed Pin From Net: NetName=OBDRX Pin=IC6-22
Removed Pin From Net: NetName=OBDTX Pin=IC6-23
Added Component: Designator=P5(HDR1X5)
Add component (AddParameter): Name = "LatestRevisionDate"; Value = "17-Jul-2002"; VariantName = "[No Variations]"
Add component (AddParameter): Name = "LatestRevisionNote"; Value = "Re-released for DXP Platform."; VariantName = "[No Variations]"
Add component (AddParameter): Name = "Publisher"; Value = "Altium Limited"; VariantName = "[No Variations]"
Added Pin To Net: NetName=OBDTX Pin=IC6-46
Added Pin To Net: NetName=OBDV5V Pin=P5-1
Added Pin To Net: NetName=GND Pin=P5-5
Added Pin To Net: NetName=ISP Pin=IC6-5
Added Pin To Net: NetName=ISP Pin=IC6-24
Added Pin To Net: NetName=ISP Pin=P5-2
Added Net: Name=ISP
Added Pin To Net: NetName=USART0_RX Pin=IC6-22
Added Pin To Net: NetName=USART0_RX Pin=P5-4
Added Net: Name=USART0_RX
Added Pin To Net: NetName=USART0_TX Pin=IC6-23
Added Pin To Net: NetName=USART0_TX Pin=P5-3
Added Net: Name=USART0_TX
Added Member To Class: ClassName=OBD Member=Component P5 Header 5
