Added Component: Designator=PAD?(PAD)
Added Component: Designator=PAD?(PAD)
Added Component: Designator=PAD?(PAD)
Added Component: Designator=PAD?(PAD)
Added Component: Designator=PAD?(PAD)
Added Component: Designator=PAD?(PAD)
Added Component: Designator=PAD?(PAD)
Added Component: Designator=R?(RESC1005X35N)
Add component (AddParameter): Name = "Arrow Part Number"; Value = "CRCW040210K0FKEDC"; VariantName = "[No Variations]"
Add component (AddParameter): Name = "Arrow Price/Stock"; Value = "https://www.arrow.com/en/products/crcw040210k0fkedc/vishay"; VariantName = "[No Variations]"
Add component (AddParameter): Name = "Datasheet Link"; Value = "https://rs.componentsearchengine.com/Datasheets/2/CRCW040210K0FKEDC.pdf"; VariantName = "[No Variations]"
Add component (AddParameter): Name = "Height"; Value = "0.35mm"; VariantName = "[No Variations]"
Add component (AddParameter): Name = "Manufacturer_Name"; Value = "Vishay"; VariantName = "[No Variations]"
Add component (AddParameter): Name = "Manufacturer_Part_Number"; Value = "CRCW040210K0FKEDC"; VariantName = "[No Variations]"
Add component (AddParameter): Name = "Mouser Part Number"; Value = "71-CRCW040210K0FKEDC"; VariantName = "[No Variations]"
Add component (AddParameter): Name = "Mouser Price/Stock"; Value = "https://www.mouser.co.uk/ProductDetail/Vishay-Dale/CRCW040210K0FKEDC?qs=E3Y5ESvWgWPiNLcGzwCGPg%3D%3D"; VariantName = "[No Variations]"
Added Component: Designator=R?(RESC1005X40N)
Add component (AddParameter): Name = "Arrow Part Number"; Value = ""; VariantName = "[No Variations]"
Add component (AddParameter): Name = "Arrow Price/Stock"; Value = ""; VariantName = "[No Variations]"
Add component (AddParameter): Name = "Datasheet Link"; Value = "https://industrial.panasonic.com/cdbs/www-data/pdf/RDA0000/AOA0000C86.pdf"; VariantName = "[No Variations]"
Add component (AddParameter): Name = "Height"; Value = "0.4mm"; VariantName = "[No Variations]"
Add component (AddParameter): Name = "Manufacturer_Name"; Value = "Panasonic"; VariantName = "[No Variations]"
Add component (AddParameter): Name = "Manufacturer_Part_Number"; Value = "ERJ-2RKD1203X"; VariantName = "[No Variations]"
Add component (AddParameter): Name = "Mouser Part Number"; Value = ""; VariantName = "[No Variations]"
Add component (AddParameter): Name = "Mouser Price/Stock"; Value = ""; VariantName = "[No Variations]"
Added Component: Designator=R?(RESC1005X40N)
Add component (AddParameter): Name = "Arrow Part Number"; Value = ""; VariantName = "[No Variations]"
Add component (AddParameter): Name = "Arrow Price/Stock"; Value = ""; VariantName = "[No Variations]"
Add component (AddParameter): Name = "Datasheet Link"; Value = "http://docs-europe.electrocomponents.com/webdocs/13ba/0900766b813ba21b.pdf"; VariantName = "[No Variations]"
Add component (AddParameter): Name = "Height"; Value = "0.4mm"; VariantName = "[No Variations]"
Add component (AddParameter): Name = "Manufacturer_Name"; Value = "Panasonic"; VariantName = "[No Variations]"
Add component (AddParameter): Name = "Manufacturer_Part_Number"; Value = "ERJ-2RHD3902X"; VariantName = "[No Variations]"
Add component (AddParameter): Name = "Mouser Part Number"; Value = "667-ERJ-2RHD3902X"; VariantName = "[No Variations]"
Add component (AddParameter): Name = "Mouser Price/Stock"; Value = "https://www.mouser.com/Search/Refine.aspx?Keyword=667-ERJ-2RHD3902X"; VariantName = "[No Variations]"
Added Pin To Net: NetName=V4V Pin=C15-1
Added Pin To Net: NetName=GND Pin=C15-2
Added Pin To Net: NetName=V4V Pin=IC5-5
Added Pin To Net: NetName=GND Pin=IC5-6
Added Pin To Net: NetName=V4V Pin=IC5-17
Added Pin To Net: NetName=GND Pin=IC5-18
Added Pin To Net: NetName=V4V Pin=IC5-27
Added Pin To Net: NetName=GND Pin=IC5-28
Added Pin To Net: NetName=V4V Pin=IC5-29
Added Pin To Net: NetName=V4V Pin=IC5-38
Added Pin To Net: NetName=GND Pin=IC5-39
Added Pin To Net: NetName=GND Pin=IC5-45
Added Pin To Net: NetName=GND Pin=PAD?-1
Added Pin To Net: NetName=V4V Pin=PAD?-1
Added Pin To Net: NetName=V12V Pin=R?-1
Added Pin To Net: NetName=GND Pin=R?-2
Added Pin To Net: NetName=V4V Pin=R6-2
Added Pin To Net: NetName=DEBTX Pin=IC5-33
Added Pin To Net: NetName=DEBTX Pin=PAD?-1
Added Net: Name=DEBTX
Added Pin To Net: NetName=GPSPWRCTRL Pin=IC5-35
Added Net: Name=GPSPWRCTRL
Added Pin To Net: NetName=KEETLED Pin=IC5-34
Added Net: Name=KEETLED
Added Pin To Net: NetName=MISO Pin=IC5-2
Added Pin To Net: NetName=MISO Pin=PAD?-1
Added Net: Name=MISO
Added Pin To Net: NetName=MOSI Pin=IC5-1
Added Pin To Net: NetName=MOSI Pin=PAD?-1
Added Net: Name=MOSI
Added Pin To Net: NetName=NetC?_1 Pin=IC5-37
Added Pin To Net: NetName=NetC?_1 Pin=R?-1
Added Net: Name=NetC?_1
Added Pin To Net: NetName=OBDPWRCTRL Pin=IC5-13
Added Net: Name=OBDPWRCTRL
Added Pin To Net: NetName=PWRKEY Pin=IC5-31
Added Net: Name=PWRKEY
Added Pin To Net: NetName=RST Pin=IC5-4
Added Pin To Net: NetName=RST Pin=PAD?-1
Added Pin To Net: NetName=RST Pin=R6-1
Added Net: Name=RST
Added Pin To Net: NetName=SCK Pin=IC5-3
Added Pin To Net: NetName=SCK Pin=PAD?-1
Added Net: Name=SCK
Added Member To Class: ClassName=Control Member=Component PAD? GND
Added Member To Class: ClassName=Control Member=Component PAD? SCK
Added Member To Class: ClassName=Control Member=Component PAD? RST
Added Member To Class: ClassName=Control Member=Component PAD? MISO
Added Member To Class: ClassName=Control Member=Component PAD? DEBTX
Added Member To Class: ClassName=Control Member=Component PAD? MOSI
Added Member To Class: ClassName=Control Member=Component PAD? V4V
Added Member To Class: ClassName=Control Member=Component R? 10K
Added Member To Class: ClassName=Control Member=Component R? 120K
Added Member To Class: ClassName=Control Member=Component R? 39K
