Removed Pin From Net: NetName=MISO Pin=P4-1
Removed Pin From Net: NetName=V4V Pin=P4-2
Removed Pin From Net: NetName=SCK Pin=P4-3
Removed Pin From Net: NetName=MOSI Pin=P4-4
Removed Pin From Net: NetName=RST Pin=P4-5
Removed Pin From Net: NetName=GND Pin=P4-6
Removed Pin From Net: NetName=OBDV5V Pin=P5-1
Removed Pin From Net: NetName=ISP Pin=P5-2
Removed Pin From Net: NetName=USART0_TX Pin=P5-3
Removed Pin From Net: NetName=USART0_RX Pin=P5-4
Removed Pin From Net: NetName=GND Pin=P5-5
Removed Member From Class: ClassName=Control Member=P4
Removed Member From Class: ClassName=OBD Member=P5
Added Component: Designator=J?(8272201010020101)
Add component (AddParameter): Name = "Arrow Part Number"; Value = ""; VariantName = "[No Variations]"
Add component (AddParameter): Name = "Arrow Price/Stock"; Value = ""; VariantName = "[No Variations]"
Add component (AddParameter): Name = "Datasheet Link"; Value = "https://www.mouser.co.uk/datasheet/2/273/Mill-Max_01312020_827-22-010-10-020101-1738096.pdf"; VariantName = "[No Variations]"
Add component (AddParameter): Name = "Height"; Value = "8.433mm"; VariantName = "[No Variations]"
Add component (AddParameter): Name = "Manufacturer_Name"; Value = "Mill-Max"; VariantName = "[No Variations]"
Add component (AddParameter): Name = "Manufacturer_Part_Number"; Value = "827-22-010-10-020101"; VariantName = "[No Variations]"
Add component (AddParameter): Name = "Mouser Part Number"; Value = "575-8272201010020101"; VariantName = "[No Variations]"
Add component (AddParameter): Name = "Mouser Price/Stock"; Value = "https://www.mouser.co.uk/ProductDetail/Mill-Max/827-22-010-10-020101?qs=GBLSl2Akirvt2ZL6wGRFww%3D%3D"; VariantName = "[No Variations]"
Added Component: Designator=pogo?(POGO_connector_3x4)
Added Pin To Net: NetName=OBDV5V Pin=pogo?-1
Added Pin To Net: NetName=ISP Pin=pogo?-2
Added Pin To Net: NetName=USART0_TX Pin=pogo?-3
Added Pin To Net: NetName=USART0_RX Pin=pogo?-4
Added Pin To Net: NetName=GND Pin=pogo?-5
Added Pin To Net: NetName=SCK Pin=pogo?-6
Added Pin To Net: NetName=RST Pin=pogo?-7
Added Pin To Net: NetName=MOSI Pin=pogo?-8
Added Pin To Net: NetName=MISO Pin=pogo?-9
Added Pin To Net: NetName=V4V Pin=pogo?-10
Added Member To Class: ClassName=OBD Member=Component pogo? POGO-connector3x4
