Removed Pin From Net: NetName=RST Pin=PAD14-1
Removed Pin From Net: NetName=RST Pin=R6-1
Removed Pin From Net: NetName=V4V Pin=R6-2
Removed Member From Class: ClassName=Control Member=PAD14
Change Component Designator: OldDesignator=C13 NewDesignator=C18
Change Component Designator: OldDesignator=C14 NewDesignator=C19
Change Component Designator: OldDesignator=C15 NewDesignator=C20
Change Component Designator: OldDesignator=R11 NewDesignator=R6
Added Component: Designator=PAD?(PAD)
Added Component: Designator=R11(RESC1005X35N)
Add component (AddParameter): Name = "Arrow Part Number"; Value = "CRCW040210K0FKEDC"; VariantName = "[No Variations]"
Add component (AddParameter): Name = "Arrow Price/Stock"; Value = "https://www.arrow.com/en/products/crcw040210k0fkedc/vishay"; VariantName = "[No Variations]"
Add component (AddParameter): Name = "Datasheet Link"; Value = "https://rs.componentsearchengine.com/Datasheets/2/CRCW040210K0FKEDC.pdf"; VariantName = "[No Variations]"
Add component (AddParameter): Name = "Height"; Value = "0.35mm"; VariantName = "[No Variations]"
Add component (AddParameter): Name = "Manufacturer_Name"; Value = "Vishay"; VariantName = "[No Variations]"
Add component (AddParameter): Name = "Manufacturer_Part_Number"; Value = "CRCW040210K0FKEDC"; VariantName = "[No Variations]"
Add component (AddParameter): Name = "Mouser Part Number"; Value = "71-CRCW040210K0FKEDC"; VariantName = "[No Variations]"
Add component (AddParameter): Name = "Mouser Price/Stock"; Value = "https://www.mouser.co.uk/ProductDetail/Vishay-Dale/CRCW040210K0FKEDC?qs=E3Y5ESvWgWPiNLcGzwCGPg%3D%3D"; VariantName = "[No Variations]"
Added Pin To Net: NetName=RST Pin=PAD?-1
Added Pin To Net: NetName=GND Pin=R6-1
Added Pin To Net: NetName=NetM1_1 Pin=R6-2
Added Pin To Net: NetName=RST Pin=R6-1
Added Pin To Net: NetName=V4V Pin=R6-2
Change Net Name : Old Net Name=NetC13_2 New Net Name=NetC18_2
Change Net Name : Old Net Name=NetC14_2 New Net Name=NetC19_2
Change Net Name : Old Net Name=NetC17_1 New Net Name=NetC14_1
Added Member To Class: ClassName=Control Member=Component C18 8p
Added Member To Class: ClassName=Control Member=Component C19 8p
Added Member To Class: ClassName=Control Member=Component C20 1uF
Added Member To Class: ClassName=Control Member=Component PAD? RST
